(0000) 3000  0011000000000000 (   6)                 .ORIG x3000
(3000) 4000  0100000000000000 (   7) START           .FILL x4000
(3001) 21FE  0010000111111110 (   8)                 LD    R0 START
(3002) 1A20  0001101000100000 (   9)                 ADD   R5 R0 #0
(3003) 6E00  0110111000000000 (  10)                 LDR   R7 R0 #0
(3004) 192A  0001100100101010 (  11)                 ADD   R4 R4 #10
(3005) 6400  0110010000000000 (  13)                 LDR   R2 R0 #0
(3006) 1C20  0001110000100000 (  14)                 ADD   R6 R0 #0
(3007) 6200  0110001000000000 (  15) LOOP            LDR   R1 R0 #0
(3008) 14A0  0001010010100000 (  17) COMPARE         ADD   R2 R2 #0
(3009) 080E  0000100000001110 (  18)                 BRN   COMPAREN
(300A) 0E04  0000111000000100 (  19)                 BRNZP COMPAREP
(300B) 1021  0001000000100001 (  20) BREAKCOMP       ADD   R0 R0 #1
(300C) 193F  0001100100111111 (  21)                 ADD   R4 R4 #-1
(300D) 03F9  0000001111111001 (  22)                 BRP   LOOP
(300E) 0E15  0000111000010101 (  23)                 BRNZP SWITCH
(300F) 1260  0001001001100000 (  25) COMPAREP        ADD   R1 R1 #0
(3010) 0801  0000100000000001 (  26)                 BRN   COMPAREPN
(3011) 0E01  0000111000000001 (  27)                 BRNZP COMPAREPP
(3012) 0E0E  0000111000001110 (  29) COMPAREPN       BRNZP SETNEW
(3013) 967F  1001011001111111 (  31) COMPAREPP       NOT   R3 R1
(3014) 16E1  0001011011100001 (  32)                 ADD   R3 R3 #1
(3015) 16C2  0001011011000010 (  33)                 ADD   R3 R3 R2
(3016) 020A  0000001000001010 (  34)                 BRP   SETNEW
(3017) 0FF3  0000111111110011 (  35)                 BRNZP BREAKCOMP
(3018) 1260  0001001001100000 (  37) COMPAREN        ADD   R1 R1 #0
(3019) 0801  0000100000000001 (  38)                 BRN   COMPARENN
(301A) 0E05  0000111000000101 (  39)                 BRNZP COMPARENP
(301B) 967F  1001011001111111 (  41) COMPARENN       NOT   R3 R1
(301C) 16E1  0001011011100001 (  42)                 ADD   R3 R3 #1
(301D) 16C2  0001011011000010 (  43)                 ADD   R3 R3 R2
(301E) 0202  0000001000000010 (  44)                 BRP   SETNEW
(301F) 0FEB  0000111111101011 (  45)                 BRNZP BREAKCOMP
(3020) 0FEA  0000111111101010 (  47) COMPARENP       BRNZP BREAKCOMP
(3021) 1460  0001010001100000 (  49) SETNEW          ADD   R2 R1 #0
(3022) 1C20  0001110000100000 (  50)                 ADD   R6 R0 #0
(3023) 0FE7  0000111111100111 (  51)                 BRNZP BREAKCOMP
(3024) 7540  0111010101000000 (  53) SWITCH          STR   R2 R5 #0
(3025) 7F80  0111111110000000 (  54)                 STR   R7 R6 #0
(3026) 0E00  0000111000000000 (  55)                 BRNZP FINISH
(3027) F025  1111000000100101 (  68) FINISH          TRAP  x25
